{
  "RSpec": {
    "coverage": {
      "/mnt/c/Users/RangerJammy 3.0/Documents/GitHub/SELT/Team3_SELT2020/app/channels/application_cable/channel.rb": {
        "lines": [
          0,
          0,
          null,
          0,
          0
        ],
        "branches": {
        }
      },
      "/mnt/c/Users/RangerJammy 3.0/Documents/GitHub/SELT/Team3_SELT2020/app/channels/application_cable/connection.rb": {
        "lines": [
          0,
          0,
          null,
          0,
          null,
          null,
          0,
          0,
          0
        ],
        "branches": {
        }
      },
      "/mnt/c/Users/RangerJammy 3.0/Documents/GitHub/SELT/Team3_SELT2020/app/channels/room_channel.rb": {
        "lines": [
          0,
          0,
          0,
          0,
          0,
          0,
          null,
          0,
          null,
          0,
          0
        ],
        "branches": {
        }
      },
      "/mnt/c/Users/RangerJammy 3.0/Documents/GitHub/SELT/Team3_SELT2020/app/controllers/application_controller.rb": {
        "lines": [
          0,
          null,
          null,
          0,
          null,
          0,
          null,
          0,
          0,
          0,
          0,
          0
        ],
        "branches": {
        }
      },
      "/mnt/c/Users/RangerJammy 3.0/Documents/GitHub/SELT/Team3_SELT2020/app/controllers/piles_controller.rb": {
        "lines": [
          0,
          0,
          0,
          0,
          0,
          0,
          0,
          null,
          0,
          null,
          0,
          null,
          0,
          0,
          0,
          0,
          0,
          0,
          0,
          0,
          null,
          0,
          0,
          0,
          0,
          0,
          0,
          0,
          0,
          0,
          0,
          null,
          0,
          0,
          0,
          0,
          0,
          0,
          0,
          0,
          0,
          0,
          0,
          0,
          0,
          0,
          0,
          0,
          0,
          0,
          null,
          0,
          0,
          0,
          0
        ],
        "branches": {
        }
      },
      "/mnt/c/Users/RangerJammy 3.0/Documents/GitHub/SELT/Team3_SELT2020/app/controllers/rooms_controller.rb": {
        "lines": [
          0,
          0,
          0,
          null,
          0,
          0,
          0,
          0,
          0,
          0,
          0,
          null,
          0,
          0,
          0,
          0,
          null,
          0,
          0,
          null,
          0,
          0,
          0,
          0,
          0,
          0,
          0,
          0,
          0,
          0
        ],
        "branches": {
        }
      },
      "/mnt/c/Users/RangerJammy 3.0/Documents/GitHub/SELT/Team3_SELT2020/app/controllers/users_controller.rb": {
        "lines": [
          0,
          0,
          0,
          0,
          null,
          0,
          0,
          0,
          0,
          0,
          0,
          0,
          0,
          0,
          null,
          0
        ],
        "branches": {
        }
      },
      "/mnt/c/Users/RangerJammy 3.0/Documents/GitHub/SELT/Team3_SELT2020/app/controllers/user_sessions_controller.rb": {
        "lines": [
          0,
          0,
          0,
          0,
          null,
          0,
          0,
          0,
          null,
          0,
          0,
          null,
          null,
          0,
          0,
          0,
          0,
          0,
          0,
          0,
          0,
          0,
          null,
          0,
          0,
          null,
          0,
          0,
          0
        ],
        "branches": {
        }
      },
      "/mnt/c/Users/RangerJammy 3.0/Documents/GitHub/SELT/Team3_SELT2020/app/helpers/application_helper.rb": {
        "lines": [
          0,
          0
        ],
        "branches": {
        }
      },
      "/mnt/c/Users/RangerJammy 3.0/Documents/GitHub/SELT/Team3_SELT2020/app/helpers/rooms_helper.rb": {
        "lines": [
          0,
          0
        ],
        "branches": {
        }
      },
      "/mnt/c/Users/RangerJammy 3.0/Documents/GitHub/SELT/Team3_SELT2020/app/helpers/users_helper.rb": {
        "lines": [
          0,
          0
        ],
        "branches": {
        }
      },
      "/mnt/c/Users/RangerJammy 3.0/Documents/GitHub/SELT/Team3_SELT2020/app/helpers/user_sessions_helper.rb": {
        "lines": [
          0,
          0
        ],
        "branches": {
        }
      },
      "/mnt/c/Users/RangerJammy 3.0/Documents/GitHub/SELT/Team3_SELT2020/app/models/card.rb": {
        "lines": [
          0,
          0,
          0
        ],
        "branches": {
        }
      },
      "/mnt/c/Users/RangerJammy 3.0/Documents/GitHub/SELT/Team3_SELT2020/app/models/pile.rb": {
        "lines": [
          0,
          0,
          0
        ],
        "branches": {
        }
      },
      "/mnt/c/Users/RangerJammy 3.0/Documents/GitHub/SELT/Team3_SELT2020/app/models/room.rb": {
        "lines": [
          0,
          null,
          0,
          0,
          0,
          0,
          0
        ],
        "branches": {
        }
      },
      "/mnt/c/Users/RangerJammy 3.0/Documents/GitHub/SELT/Team3_SELT2020/app/models/user.rb": {
        "lines": [
          null,
          0,
          null,
          null,
          null,
          null,
          null,
          null,
          0,
          0,
          0,
          0,
          0,
          0,
          0,
          0,
          null,
          null,
          0,
          0,
          0,
          0,
          null,
          0,
          0,
          0,
          0,
          0,
          0,
          null,
          null,
          0
        ],
        "branches": {
        }
      }
    },
    "timestamp": 1605111593
  }
}
